{"meta": {"format": 2, "version": "7.4.1", "timestamp": "2025-12-04T16:30:43.358536", "branch_coverage": false, "show_contexts": false}, "files": {"socket_client/__init__.py": {"executed_lines": [1, 8, 9, 10], "summary": {"covered_lines": 3, "num_statements": 3, "percent_covered": 100.0, "percent_covered_display": "100.00", "missing_lines": 0, "excluded_lines": 0}, "missing_lines": [], "excluded_lines": []}, "socket_client/api/__init__.py": {"executed_lines": [1], "summary": {"covered_lines": 0, "num_statements": 0, "percent_covered": 100.0, "percent_covered_display": "100.00", "missing_lines": 0, "excluded_lines": 0}, "missing_lines": [], "excluded_lines": []}, "socket_client/api/main.py": {"executed_lines": [1, 7, 8, 10, 11, 13, 15, 18, 19, 28, 30, 38, 47, 49, 50, 52, 64, 65, 67, 69, 70, 72, 74, 78], "summary": {"covered_lines": 23, "num_statements": 26, "percent_covered": 88.46153846153847, "percent_covered_display": "88.46", "missing_lines": 3, "excluded_lines": 0}, "missing_lines": [22, 23, 25], "excluded_lines": []}, "socket_client/api/models/__init__.py": {"executed_lines": [1], "summary": {"covered_lines": 0, "num_statements": 0, "percent_covered": 100.0, "percent_covered_display": "100.00", "missing_lines": 0, "excluded_lines": 0}, "missing_lines": [], "excluded_lines": []}, "socket_client/api/models/requests.py": {"executed_lines": [1, 5, 7, 10, 11, 13, 16, 17, 18, 23, 24, 26, 29, 32, 35, 36, 37, 42, 43, 45, 48, 51, 54, 55, 56, 61, 62, 64, 67], "summary": {"covered_lines": 24, "num_statements": 24, "percent_covered": 100.0, "percent_covered_display": "100.00", "missing_lines": 0, "excluded_lines": 0}, "missing_lines": [], "excluded_lines": []}, "socket_client/api/models/responses.py": {"executed_lines": [1, 5, 7, 10, 11, 13, 14, 15, 16, 19, 20, 22, 23, 26, 27, 29, 30, 31, 34, 35, 37, 38, 39, 42, 43, 45, 46, 47, 50, 55, 56, 58, 59, 62, 63, 68, 69, 71, 72, 75, 78, 81, 84], "summary": {"covered_lines": 35, "num_statements": 35, "percent_covered": 100.0, "percent_covered_display": "100.00", "missing_lines": 0, "excluded_lines": 0}, "missing_lines": [], "excluded_lines": []}, "socket_client/api/routes/__init__.py": {"executed_lines": [1], "summary": {"covered_lines": 0, "num_statements": 0, "percent_covered": 100.0, "percent_covered_display": "100.00", "missing_lines": 0, "excluded_lines": 0}, "missing_lines": [], "excluded_lines": []}, "socket_client/api/routes/config.py": {"executed_lines": [1, 7, 8, 9, 11, 12, 14, 20, 29, 31, 33, 36, 39, 40, 41, 43, 45, 48, 49, 55, 56, 57, 59, 71, 72, 88, 90, 91, 92, 93, 101, 110, 111, 124, 125, 127, 144, 145, 147, 148, 149, 151, 163, 164, 172, 174, 175, 189, 190, 198, 219, 220, 222, 223, 224, 226, 238, 239, 247, 249, 250, 264, 265, 273, 294, 295, 335, 336, 337, 338, 339, 342, 343, 344, 354, 355, 364, 365, 374, 380, 381, 382, 383, 385, 386, 395, 396, 405, 406, 415, 425, 431, 432, 433, 435, 436, 445, 446, 455, 456, 465, 475, 492, 493, 494, 497, 499, 508], "summary": {"covered_lines": 107, "num_statements": 138, "percent_covered": 77.53623188405797, "percent_covered_display": "77.54", "missing_lines": 31, "excluded_lines": 0}, "missing_lines": [44, 63, 64, 65, 136, 137, 138, 155, 156, 157, 211, 212, 213, 230, 231, 232, 286, 287, 288, 345, 356, 387, 407, 416, 437, 457, 466, 482, 517, 518, 519], "excluded_lines": []}, "socket_client/core/__init__.py": {"executed_lines": [1], "summary": {"covered_lines": 0, "num_statements": 0, "percent_covered": 100.0, "percent_covered_display": "100.00", "missing_lines": 0, "excluded_lines": 0}, "missing_lines": [], "excluded_lines": []}, "socket_client/core/client.py": {"executed_lines": [1, 8, 9, 10, 11, 12, 14, 15, 16, 17, 19, 20, 21, 26, 29, 30, 32, 58, 59, 60, 61, 62, 65, 68, 69, 70, 73, 74, 75, 76, 77, 78, 81, 84, 85, 86, 89, 90, 91, 92, 95, 96, 99, 102, 103, 104, 105, 106, 108, 122, 158, 160, 161, 164, 171, 172, 180, 181, 182, 186, 187, 189, 190, 192, 194, 196, 203, 212, 215, 218, 220, 221, 223, 227, 228, 229, 230, 232, 234, 238, 244, 246, 247, 248, 250, 252, 253, 254, 255, 286, 287, 289, 296, 298, 299, 301, 302, 306, 310, 313, 315, 323, 325, 328, 329, 332, 335, 336, 341, 346, 377, 378, 383, 393, 395, 396, 399, 414, 418, 419, 436, 450, 452, 453, 454, 462, 466, 541, 543, 544, 569], "summary": {"covered_lines": 129, "num_statements": 250, "percent_covered": 51.6, "percent_covered_display": "51.60", "missing_lines": 121, "excluded_lines": 0}, "missing_lines": [124, 125, 127, 129, 132, 133, 134, 136, 142, 145, 148, 149, 151, 153, 154, 155, 156, 173, 174, 175, 176, 177, 183, 184, 256, 257, 259, 261, 264, 267, 268, 269, 270, 271, 276, 277, 278, 279, 281, 282, 283, 284, 307, 316, 321, 337, 338, 347, 348, 352, 355, 356, 360, 372, 374, 375, 380, 381, 401, 402, 407, 409, 410, 411, 412, 415, 420, 421, 422, 423, 424, 425, 426, 427, 430, 432, 433, 434, 438, 439, 440, 442, 443, 444, 446, 447, 448, 457, 458, 460, 463, 464, 468, 469, 470, 473, 476, 481, 487, 492, 499, 504, 537, 538, 539, 546, 548, 549, 550, 552, 556, 557, 559, 560, 561, 565, 566, 567, 571, 572, 574], "excluded_lines": []}, "socket_client/health/__init__.py": {"executed_lines": [1], "summary": {"covered_lines": 0, "num_statements": 0, "percent_covered": 100.0, "percent_covered_display": "100.00", "missing_lines": 0, "excluded_lines": 0}, "missing_lines": [], "excluded_lines": []}, "socket_client/health/server.py": {"executed_lines": [1, 8, 9, 10, 12, 13, 14, 16, 19, 22, 25, 28, 31, 34, 37, 38, 39, 42, 43, 45, 53, 54, 55, 56, 57, 58, 61, 62, 63, 64, 66, 68, 83, 85, 86, 88, 89, 91, 93, 122, 151, 177, 201, 203, 204, 206, 207, 208, 214, 216, 217, 219, 220, 226, 232], "summary": {"covered_lines": 53, "num_statements": 103, "percent_covered": 51.45631067961165, "percent_covered_display": "51.46", "missing_lines": 50, "excluded_lines": 0}, "missing_lines": [70, 71, 72, 74, 75, 77, 79, 80, 81, 95, 96, 98, 110, 115, 116, 117, 124, 131, 142, 144, 145, 146, 153, 155, 156, 158, 159, 161, 162, 165, 167, 173, 174, 175, 179, 180, 192, 194, 195, 196, 209, 210, 211, 212, 221, 222, 223, 224, 230, 236], "excluded_lines": []}, "socket_client/main.py": {"executed_lines": [], "summary": {"covered_lines": 0, "num_statements": 100, "percent_covered": 0.0, "percent_covered_display": "0.00", "missing_lines": 100, "excluded_lines": 2}, "missing_lines": [2, 9, 10, 11, 12, 13, 15, 16, 19, 20, 22, 23, 24, 25, 28, 29, 31, 32, 37, 38, 41, 43, 46, 49, 51, 55, 56, 59, 60, 61, 63, 64, 65, 67, 69, 71, 73, 76, 77, 82, 89, 90, 93, 95, 96, 97, 99, 101, 103, 106, 107, 108, 111, 112, 113, 115, 118, 120, 121, 122, 125, 126, 143, 144, 145, 146, 147, 148, 149, 150, 151, 152, 155, 156, 159, 160, 162, 163, 164, 165, 166, 167, 168, 171, 172, 174, 176, 177, 180, 181, 182, 184, 185, 186, 187, 188, 191, 192, 194, 196], "excluded_lines": [199, 200]}, "socket_client/models/__init__.py": {"executed_lines": [1], "summary": {"covered_lines": 0, "num_statements": 0, "percent_covered": 100.0, "percent_covered_display": "100.00", "missing_lines": 0, "excluded_lines": 0}, "missing_lines": [], "excluded_lines": []}, "socket_client/models/message.py": {"executed_lines": [1, 8, 9, 11, 12, 15, 16, 18, 23, 24, 26, 27, 28, 31, 33, 34, 36, 37, 39, 40, 49, 56, 66, 67, 69, 71, 73, 76, 77, 79, 80, 82, 102, 103, 105, 106, 108, 140, 141, 143, 144, 146, 162, 163, 165, 166, 169, 170, 171, 172, 174, 175, 177, 180, 194, 195, 196, 197, 198, 199, 201, 204, 217, 218, 223, 224, 225, 226], "summary": {"covered_lines": 57, "num_statements": 64, "percent_covered": 89.0625, "percent_covered_display": "89.06", "missing_lines": 7, "excluded_lines": 0}, "missing_lines": [19, 20, 42, 44, 45, 46, 47], "excluded_lines": []}, "socket_client/services/__init__.py": {"executed_lines": [1], "summary": {"covered_lines": 0, "num_statements": 0, "percent_covered": 100.0, "percent_covered_display": "100.00", "missing_lines": 0, "excluded_lines": 0}, "missing_lines": [], "excluded_lines": []}, "socket_client/services/config_manager.py": {"executed_lines": [1, 7, 8, 9, 11, 14, 17, 18, 20, 31, 35, 41, 49, 64, 72, 88, 91, 93, 96, 99], "summary": {"covered_lines": 18, "num_statements": 39, "percent_covered": 46.15384615384615, "percent_covered_display": "46.15", "missing_lines": 21, "excluded_lines": 0}, "missing_lines": [23, 24, 25, 26, 27, 28, 29, 33, 37, 38, 43, 58, 59, 60, 61, 66, 81, 82, 83, 84, 92], "excluded_lines": []}, "socket_client/utils/__init__.py": {"executed_lines": [1], "summary": {"covered_lines": 0, "num_statements": 0, "percent_covered": 100.0, "percent_covered_display": "100.00", "missing_lines": 0, "excluded_lines": 0}, "missing_lines": [], "excluded_lines": []}, "socket_client/utils/circuit_breaker.py": {"executed_lines": [1, 8, 9, 10, 11, 12, 14, 16, 18, 21, 22, 24, 25, 26, 29, 30, 32, 48, 49, 50, 51, 53, 54, 55, 56, 58, 65, 81, 82, 89, 93, 94, 95, 97, 99, 100, 102, 103, 104, 106, 108, 109, 114, 116, 118, 119, 120, 122, 129, 137, 141, 154, 155, 157, 161, 168], "summary": {"covered_lines": 52, "num_statements": 61, "percent_covered": 85.24590163934427, "percent_covered_display": "85.25", "missing_lines": 9, "excluded_lines": 0}, "missing_lines": [83, 84, 85, 110, 111, 130, 131, 139, 143], "excluded_lines": []}, "socket_client/utils/logger.py": {"executed_lines": [1, 8, 9, 10, 12, 13, 16, 35, 49, 56, 57, 75, 78, 88, 91, 92, 94, 96, 97, 99, 101, 103, 105, 107, 109, 111, 113], "summary": {"covered_lines": 25, "num_statements": 25, "percent_covered": 100.0, "percent_covered_display": "100.00", "missing_lines": 0, "excluded_lines": 0}, "missing_lines": [], "excluded_lines": []}}, "totals": {"covered_lines": 526, "num_statements": 868, "percent_covered": 60.59907834101382, "percent_covered_display": "60.60", "missing_lines": 342, "excluded_lines": 2}}